{"name": "test_get_pet_by_id", "status": "failed", "statusDetails": {"message": "AssertionError: assert 'bobik' == 'sophie'\n  \n  - sophie\n  + bobik", "trace": "def test_get_pet_by_id():\n        petstore = PetStoreService()\n        response = petstore.get_pet_by_id(1)\n>       assert response['name'] == 'sophie'\nE       AssertionError: assert 'bobik' == 'sophie'\nE         \nE         - sophie\nE         + bobik\n\ntests\\api\\test_petstore.py:13: AssertionError"}, "steps": [{"name": "Get pet by id", "status": "passed", "steps": [{"name": "Get request", "status": "passed", "start": 1723559127034, "stop": 1723559127599}], "start": 1723559127034, "stop": 1723559127599}], "attachments": [{"name": "log", "source": "3629b9a2-9387-4ff8-9d9a-1c84c3ad8573-attachment.txt", "type": "text/plain"}], "start": 1723559127033, "stop": 1723559127599, "uuid": "2f11007c-f652-4827-8177-7b74c0b2e0bc", "historyId": "0a996dc143d9741b5d1521a5862a3b85", "testCaseId": "0a996dc143d9741b5d1521a5862a3b85", "fullName": "tests.api.test_petstore#test_get_pet_by_id", "labels": [{"name": "parentSuite", "value": "tests.api"}, {"name": "suite", "value": "test_petstore"}, {"name": "host", "value": "arret"}, {"name": "thread", "value": "9220-MainThread"}, {"name": "framework", "value": "pytest"}, {"name": "language", "value": "cpython3"}, {"name": "package", "value": "tests.api.test_petstore"}]}